<?xml version="1.0" encoding="UTF-8"?>
<!-- Generated by org.testng.reporters.JUnitReportReporter -->
<testsuite hostname="DESKTOP-OR6VU5V" name="ObjectRepoDemo.ObjTestDemo" tests="1" failures="0" timestamp="11 Aug 2020 10:36:16 GMT" time="22.026" errors="0">
  <testcase name="ConfigRead" time="22.026" classname="ObjectRepoDemo.ObjTestDemo"/>
</testsuite> <!-- ObjectRepoDemo.ObjTestDemo -->
